2019-01-13 23:12:03,745 [63] ERROR EPiServer.Global: Unhandled exception in ASP.NET
System.Web.HttpUnhandledException (0x80004005): Exception of type 'System.Web.HttpUnhandledException' was thrown. ---> System.InvalidOperationException: This request has probably been tampered with. Close the browser and try again.
   at EPiServer.Framework.Web.AspNetAntiForgery.ThrowForgeryException()
   at EPiServer.Framework.Web.AspNetAntiForgery.ValidateField()
   at EPiServer.Web.PageExtensions.AntiForgeryValidation.PreInit(Object sender, EventArgs e)
   at System.Web.UI.Page.OnPreInit(EventArgs e)
   at EPiServer.UI.Util.Login.OnPreInit(EventArgs e)
   at System.Web.UI.Page.PerformPreInit()
   at System.Web.UI.Page.ProcessRequestMain(Boolean includeStagesBeforeAsyncPoint, Boolean includeStagesAfterAsyncPoint)
   at System.Web.UI.Page.HandleError(Exception e)
   at System.Web.UI.Page.ProcessRequestMain(Boolean includeStagesBeforeAsyncPoint, Boolean includeStagesAfterAsyncPoint)
   at System.Web.UI.Page.ProcessRequest(Boolean includeStagesBeforeAsyncPoint, Boolean includeStagesAfterAsyncPoint)
   at System.Web.UI.Page.ProcessRequest()
   at System.Web.UI.Page.ProcessRequestWithNoAssert(HttpContext context)
   at System.Web.UI.Page.ProcessRequest(HttpContext context)
   at ASP.util_login_aspx.ProcessRequest(HttpContext context) in c:\Users\naluzzi\AppData\Local\Temp\Temporary ASP.NET Files\vs\f31a6eb9\7ebf7e38\App_Web_login.aspx.e1633260.jex_ioac.0.cs:line 0
   at System.Web.HttpApplication.CallHandlerExecutionStep.System.Web.HttpApplication.IExecutionStep.Execute()
   at System.Web.HttpApplication.ExecuteStepImpl(IExecutionStep step)
   at System.Web.HttpApplication.ExecuteStep(IExecutionStep step, Boolean& completedSynchronously)
System.Web.HttpUnhandledException (0x80004005): Exception of type 'System.Web.HttpUnhandledException' was thrown. ---> System.InvalidOperationException: This request has probably been tampered with. Close the browser and try again.
   at EPiServer.Framework.Web.AspNetAntiForgery.ThrowForgeryException()
   at EPiServer.Framework.Web.AspNetAntiForgery.ValidateField()
   at EPiServer.Web.PageExtensions.AntiForgeryValidation.PreInit(Object sender, EventArgs e)
   at System.Web.UI.Page.OnPreInit(EventArgs e)
   at EPiServer.UI.Util.Login.OnPreInit(EventArgs e)
   at System.Web.UI.Page.PerformPreInit()
   at System.Web.UI.Page.ProcessRequestMain(Boolean includeStagesBeforeAsyncPoint, Boolean includeStagesAfterAsyncPoint)
   at System.Web.UI.Page.HandleError(Exception e)
   at System.Web.UI.Page.ProcessRequestMain(Boolean includeStagesBeforeAsyncPoint, Boolean includeStagesAfterAsyncPoint)
   at System.Web.UI.Page.ProcessRequest(Boolean includeStagesBeforeAsyncPoint, Boolean includeStagesAfterAsyncPoint)
   at System.Web.UI.Page.ProcessRequest()
   at System.Web.UI.Page.ProcessRequestWithNoAssert(HttpContext context)
   at System.Web.UI.Page.ProcessRequest(HttpContext context)
   at ASP.util_login_aspx.ProcessRequest(HttpContext context) in c:\Users\naluzzi\AppData\Local\Temp\Temporary ASP.NET Files\vs\f31a6eb9\7ebf7e38\App_Web_login.aspx.e1633260.jex_ioac.0.cs:line 0
   at System.Web.HttpApplication.CallHandlerExecutionStep.System.Web.HttpApplication.IExecutionStep.Execute()
   at System.Web.HttpApplication.ExecuteStepImpl(IExecutionStep step)
   at System.Web.HttpApplication.ExecuteStep(IExecutionStep step, Boolean& completedSynchronously)
