2019-01-25 00:23:01,436 [59] ERROR EPiServer.DataAbstraction.ScheduledJob: Job IcelandAndI.Business.ScheduledJobs.IncorrectSpellingScannerScheduledJob failed for the job 'IncorrectSpellingScannerScheduledJob' with jobId ='0baa211e-e916-4448-a7d8-39879dc9d5c1' 
System.NullReferenceException: Object reference not set to an instance of an object.
   at IcelandAndI.Business.ScheduledJobs.IncorrectSpellingScannerScheduledJob.Execute() in C:\Users\naluzzi\source\repos\IcelandAndI\IcelandAndI\Business\ScheduledJobs\IncorrectSpellingScannerScheduledJob.cs:line 80
   at EPiServer.Scheduler.Internal.DefaultScheduledJobExecutor.<Execute>d__31.MoveNext()
System.NullReferenceException: Object reference not set to an instance of an object.
   at IcelandAndI.Business.ScheduledJobs.IncorrectSpellingScannerScheduledJob.Execute() in C:\Users\naluzzi\source\repos\IcelandAndI\IcelandAndI\Business\ScheduledJobs\IncorrectSpellingScannerScheduledJob.cs:line 80
   at EPiServer.Scheduler.Internal.DefaultScheduledJobExecutor.<Execute>d__31.MoveNext()
2019-01-25 00:49:09,886 [65] ERROR EPiServer.DataAbstraction.ScheduledJob: Job IcelandAndI.Business.ScheduledJobs.IncorrectSpellingScannerScheduledJob failed for the job 'IncorrectSpellingScannerScheduledJob' with jobId ='0baa211e-e916-4448-a7d8-39879dc9d5c1' 
System.NullReferenceException: Object reference not set to an instance of an object.
   at IcelandAndI.Business.ScheduledJobs.IncorrectSpellingScannerScheduledJob.Execute() in C:\Users\naluzzi\source\repos\IcelandAndI\IcelandAndI\Business\ScheduledJobs\IncorrectSpellingScannerScheduledJob.cs:line 80
   at EPiServer.Scheduler.Internal.DefaultScheduledJobExecutor.<Execute>d__31.MoveNext()
System.NullReferenceException: Object reference not set to an instance of an object.
   at IcelandAndI.Business.ScheduledJobs.IncorrectSpellingScannerScheduledJob.Execute() in C:\Users\naluzzi\source\repos\IcelandAndI\IcelandAndI\Business\ScheduledJobs\IncorrectSpellingScannerScheduledJob.cs:line 80
   at EPiServer.Scheduler.Internal.DefaultScheduledJobExecutor.<Execute>d__31.MoveNext()
2019-01-25 01:14:50,302 [74] ERROR EPiServer.DataAbstraction.ScheduledJob: Job IcelandAndI.Business.ScheduledJobs.IncorrectSpellingScannerScheduledJob failed for the job 'IncorrectSpellingScannerScheduledJob' with jobId ='0baa211e-e916-4448-a7d8-39879dc9d5c1' 
System.ArgumentNullException: The provided content link does not have a value.
Parameter name: contentLink
   at EPiServer.Core.Internal.DefaultContentLoader.Get[T](ContentReference contentLink, LoaderOptions loaderOptions)
   at EPiServer.Core.Internal.DefaultContentLoader.Get[T](ContentReference contentLink)
   at EPiServer.Core.Internal.DefaultContentRepository.Get[T](ContentReference contentLink)
   at IcelandAndI.Business.ScheduledJobs.IncorrectSpellingScannerScheduledJob.Execute() in C:\Users\naluzzi\source\repos\IcelandAndI\IcelandAndI\Business\ScheduledJobs\IncorrectSpellingScannerScheduledJob.cs:line 39
   at EPiServer.Scheduler.Internal.DefaultScheduledJobExecutor.<Execute>d__31.MoveNext()
System.ArgumentNullException: The provided content link does not have a value.
Parameter name: contentLink
   at EPiServer.Core.Internal.DefaultContentLoader.Get[T](ContentReference contentLink, LoaderOptions loaderOptions)
   at EPiServer.Core.Internal.DefaultContentLoader.Get[T](ContentReference contentLink)
   at EPiServer.Core.Internal.DefaultContentRepository.Get[T](ContentReference contentLink)
   at IcelandAndI.Business.ScheduledJobs.IncorrectSpellingScannerScheduledJob.Execute() in C:\Users\naluzzi\source\repos\IcelandAndI\IcelandAndI\Business\ScheduledJobs\IncorrectSpellingScannerScheduledJob.cs:line 39
   at EPiServer.Scheduler.Internal.DefaultScheduledJobExecutor.<Execute>d__31.MoveNext()
2019-01-25 01:23:00,821 [68] ERROR EPiServer.DataAbstraction.ScheduledJob: Job IcelandAndI.Business.ScheduledJobs.IncorrectSpellingScannerScheduledJob failed for the job 'IncorrectSpellingScannerScheduledJob' with jobId ='0baa211e-e916-4448-a7d8-39879dc9d5c1' 
System.ArgumentNullException: The provided content link does not have a value.
Parameter name: contentLink
   at EPiServer.Core.Internal.DefaultContentLoader.Get[T](ContentReference contentLink, LoaderOptions loaderOptions)
   at EPiServer.Core.Internal.DefaultContentLoader.Get[T](ContentReference contentLink)
   at EPiServer.Core.Internal.DefaultContentRepository.Get[T](ContentReference contentLink)
   at IcelandAndI.Business.ScheduledJobs.IncorrectSpellingScannerScheduledJob.Execute() in C:\Users\naluzzi\source\repos\IcelandAndI\IcelandAndI\Business\ScheduledJobs\IncorrectSpellingScannerScheduledJob.cs:line 39
   at EPiServer.Scheduler.Internal.DefaultScheduledJobExecutor.<Execute>d__31.MoveNext()
System.ArgumentNullException: The provided content link does not have a value.
Parameter name: contentLink
   at EPiServer.Core.Internal.DefaultContentLoader.Get[T](ContentReference contentLink, LoaderOptions loaderOptions)
   at EPiServer.Core.Internal.DefaultContentLoader.Get[T](ContentReference contentLink)
   at EPiServer.Core.Internal.DefaultContentRepository.Get[T](ContentReference contentLink)
   at IcelandAndI.Business.ScheduledJobs.IncorrectSpellingScannerScheduledJob.Execute() in C:\Users\naluzzi\source\repos\IcelandAndI\IcelandAndI\Business\ScheduledJobs\IncorrectSpellingScannerScheduledJob.cs:line 39
   at EPiServer.Scheduler.Internal.DefaultScheduledJobExecutor.<Execute>d__31.MoveNext()
2019-01-25 01:25:47,147 [35] ERROR EPiServer.DataAbstraction.ScheduledJob: Job IcelandAndI.Business.ScheduledJobs.IncorrectSpellingScannerScheduledJob failed for the job 'IncorrectSpellingScannerScheduledJob' with jobId ='0baa211e-e916-4448-a7d8-39879dc9d5c1' 
System.NullReferenceException: Object reference not set to an instance of an object.
   at IcelandAndI.Business.ScheduledJobs.IncorrectSpellingScannerScheduledJob.Execute() in C:\Users\naluzzi\source\repos\IcelandAndI\IcelandAndI\Business\ScheduledJobs\IncorrectSpellingScannerScheduledJob.cs:line 82
   at EPiServer.Scheduler.Internal.DefaultScheduledJobExecutor.<Execute>d__31.MoveNext()
System.NullReferenceException: Object reference not set to an instance of an object.
   at IcelandAndI.Business.ScheduledJobs.IncorrectSpellingScannerScheduledJob.Execute() in C:\Users\naluzzi\source\repos\IcelandAndI\IcelandAndI\Business\ScheduledJobs\IncorrectSpellingScannerScheduledJob.cs:line 82
   at EPiServer.Scheduler.Internal.DefaultScheduledJobExecutor.<Execute>d__31.MoveNext()
2019-01-25 01:58:05,032 [43] ERROR EPiServer.DataAbstraction.ScheduledJob: Job IcelandAndI.Business.ScheduledJobs.IncorrectSpellingScannerScheduledJob failed for the job 'IncorrectSpellingScannerScheduledJob' with jobId ='0baa211e-e916-4448-a7d8-39879dc9d5c1' 
System.NullReferenceException: Object reference not set to an instance of an object.
   at IcelandAndI.Business.ScheduledJobs.IncorrectSpellingScannerScheduledJob.Execute() in C:\Users\naluzzi\source\repos\IcelandAndI\IcelandAndI\Business\ScheduledJobs\IncorrectSpellingScannerScheduledJob.cs:line 80
   at EPiServer.Scheduler.Internal.DefaultScheduledJobExecutor.<Execute>d__31.MoveNext()
System.NullReferenceException: Object reference not set to an instance of an object.
   at IcelandAndI.Business.ScheduledJobs.IncorrectSpellingScannerScheduledJob.Execute() in C:\Users\naluzzi\source\repos\IcelandAndI\IcelandAndI\Business\ScheduledJobs\IncorrectSpellingScannerScheduledJob.cs:line 80
   at EPiServer.Scheduler.Internal.DefaultScheduledJobExecutor.<Execute>d__31.MoveNext()
2019-01-25 02:02:11,244 [10] ERROR EPiServer.DataAbstraction.ScheduledJob: Job IcelandAndI.Business.ScheduledJobs.IncorrectSpellingScannerScheduledJob failed for the job 'IncorrectSpellingScannerScheduledJob' with jobId ='0baa211e-e916-4448-a7d8-39879dc9d5c1' 
System.NullReferenceException: Object reference not set to an instance of an object.
   at IcelandAndI.Business.ScheduledJobs.IncorrectSpellingScannerScheduledJob.Execute() in C:\Users\naluzzi\source\repos\IcelandAndI\IcelandAndI\Business\ScheduledJobs\IncorrectSpellingScannerScheduledJob.cs:line 80
   at EPiServer.Scheduler.Internal.DefaultScheduledJobExecutor.<Execute>d__31.MoveNext()
System.NullReferenceException: Object reference not set to an instance of an object.
   at IcelandAndI.Business.ScheduledJobs.IncorrectSpellingScannerScheduledJob.Execute() in C:\Users\naluzzi\source\repos\IcelandAndI\IcelandAndI\Business\ScheduledJobs\IncorrectSpellingScannerScheduledJob.cs:line 80
   at EPiServer.Scheduler.Internal.DefaultScheduledJobExecutor.<Execute>d__31.MoveNext()
2019-01-25 02:03:55,506 [49] ERROR EPiServer.DataAbstraction.ScheduledJob: Job IcelandAndI.Business.ScheduledJobs.IncorrectSpellingScannerScheduledJob failed for the job 'IncorrectSpellingScannerScheduledJob' with jobId ='0baa211e-e916-4448-a7d8-39879dc9d5c1' 
System.NullReferenceException: Object reference not set to an instance of an object.
   at IcelandAndI.Business.ScheduledJobs.IncorrectSpellingScannerScheduledJob.Execute() in C:\Users\naluzzi\source\repos\IcelandAndI\IcelandAndI\Business\ScheduledJobs\IncorrectSpellingScannerScheduledJob.cs:line 80
   at EPiServer.Scheduler.Internal.DefaultScheduledJobExecutor.<Execute>d__31.MoveNext()
System.NullReferenceException: Object reference not set to an instance of an object.
   at IcelandAndI.Business.ScheduledJobs.IncorrectSpellingScannerScheduledJob.Execute() in C:\Users\naluzzi\source\repos\IcelandAndI\IcelandAndI\Business\ScheduledJobs\IncorrectSpellingScannerScheduledJob.cs:line 80
   at EPiServer.Scheduler.Internal.DefaultScheduledJobExecutor.<Execute>d__31.MoveNext()
2019-01-25 09:53:36,493 [10] ERROR EPiServer.Global: Unhandled exception in ASP.NET
System.InvalidOperationException: The view 'index' or its master was not found or no view engine supports the searched locations. The following locations were searched:
~/Views/StandardPage/index.cshtml
~/Views/StandardPage/index.vbhtml
~/Views/Shared/index.cshtml
~/Views/Shared/index.vbhtml
~/Views/StandardPage/index.aspx
~/Views/StandardPage/index.ascx
~/Views/Shared/index.aspx
~/Views/Shared/index.ascx
   at System.Web.Mvc.ViewResult.FindView(ControllerContext context)
   at System.Web.Mvc.ViewResultBase.ExecuteResult(ControllerContext context)
   at System.Web.Mvc.ControllerActionInvoker.InvokeActionResult(ControllerContext controllerContext, ActionResult actionResult)
   at System.Web.Mvc.ControllerActionInvoker.InvokeActionResultFilterRecursive(IList`1 filters, Int32 filterIndex, ResultExecutingContext preContext, ControllerContext controllerContext, ActionResult actionResult)
   at System.Web.Mvc.ControllerActionInvoker.InvokeActionResultFilterRecursive(IList`1 filters, Int32 filterIndex, ResultExecutingContext preContext, ControllerContext controllerContext, ActionResult actionResult)
   at System.Web.Mvc.ControllerActionInvoker.InvokeActionResultFilterRecursive(IList`1 filters, Int32 filterIndex, ResultExecutingContext preContext, ControllerContext controllerContext, ActionResult actionResult)
   at System.Web.Mvc.ControllerActionInvoker.InvokeActionResultFilterRecursive(IList`1 filters, Int32 filterIndex, ResultExecutingContext preContext, ControllerContext controllerContext, ActionResult actionResult)
   at System.Web.Mvc.ControllerActionInvoker.InvokeActionResultFilterRecursive(IList`1 filters, Int32 filterIndex, ResultExecutingContext preContext, ControllerContext controllerContext, ActionResult actionResult)
   at System.Web.Mvc.ControllerActionInvoker.InvokeActionResultFilterRecursive(IList`1 filters, Int32 filterIndex, ResultExecutingContext preContext, ControllerContext controllerContext, ActionResult actionResult)
   at System.Web.Mvc.ControllerActionInvoker.InvokeActionResultFilterRecursive(IList`1 filters, Int32 filterIndex, ResultExecutingContext preContext, ControllerContext controllerContext, ActionResult actionResult)
   at System.Web.Mvc.ControllerActionInvoker.InvokeActionResultWithFilters(ControllerContext controllerContext, IList`1 filters, ActionResult actionResult)
   at System.Web.Mvc.Async.AsyncControllerActionInvoker.<>c__DisplayClass3_6.<BeginInvokeAction>b__4()
   at System.Web.Mvc.Async.AsyncControllerActionInvoker.<>c__DisplayClass3_1.<BeginInvokeAction>b__1(IAsyncResult asyncResult)
   at System.Web.Mvc.Async.AsyncResultWrapper.WrappedAsyncResult`1.CallEndDelegate(IAsyncResult asyncResult)
   at System.Web.Mvc.Async.AsyncResultWrapper.WrappedAsyncResultBase`1.End()
   at System.Web.Mvc.Async.AsyncControllerActionInvoker.EndInvokeAction(IAsyncResult asyncResult)
   at System.Web.Mvc.Controller.<>c.<BeginExecuteCore>b__152_1(IAsyncResult asyncResult, ExecuteCoreState innerState)
   at System.Web.Mvc.Async.AsyncResultWrapper.WrappedAsyncVoid`1.CallEndDelegate(IAsyncResult asyncResult)
   at System.Web.Mvc.Async.AsyncResultWrapper.WrappedAsyncResultBase`1.End()
   at System.Web.Mvc.Controller.EndExecuteCore(IAsyncResult asyncResult)
   at System.Web.Mvc.Controller.<>c.<BeginExecute>b__151_2(IAsyncResult asyncResult, Controller controller)
   at System.Web.Mvc.Async.AsyncResultWrapper.WrappedAsyncVoid`1.CallEndDelegate(IAsyncResult asyncResult)
   at System.Web.Mvc.Async.AsyncResultWrapper.WrappedAsyncResultBase`1.End()
   at System.Web.Mvc.Controller.EndExecute(IAsyncResult asyncResult)
   at System.Web.Mvc.Controller.System.Web.Mvc.Async.IAsyncController.EndExecute(IAsyncResult asyncResult)
   at System.Web.Mvc.MvcHandler.<>c.<BeginProcessRequest>b__20_1(IAsyncResult asyncResult, ProcessRequestState innerState)
   at System.Web.Mvc.Async.AsyncResultWrapper.WrappedAsyncVoid`1.CallEndDelegate(IAsyncResult asyncResult)
   at System.Web.Mvc.Async.AsyncResultWrapper.WrappedAsyncResultBase`1.End()
   at System.Web.Mvc.MvcHandler.EndProcessRequest(IAsyncResult asyncResult)
   at System.Web.Mvc.MvcHandler.System.Web.IHttpAsyncHandler.EndProcessRequest(IAsyncResult result)
   at System.Web.HttpApplication.CallHandlerExecutionStep.System.Web.HttpApplication.IExecutionStep.Execute()
   at System.Web.HttpApplication.ExecuteStepImpl(IExecutionStep step)
   at System.Web.HttpApplication.ExecuteStep(IExecutionStep step, Boolean& completedSynchronously)
System.InvalidOperationException: The view 'index' or its master was not found or no view engine supports the searched locations. The following locations were searched:
~/Views/StandardPage/index.cshtml
~/Views/StandardPage/index.vbhtml
~/Views/Shared/index.cshtml
~/Views/Shared/index.vbhtml
~/Views/StandardPage/index.aspx
~/Views/StandardPage/index.ascx
~/Views/Shared/index.aspx
~/Views/Shared/index.ascx
   at System.Web.Mvc.ViewResult.FindView(ControllerContext context)
   at System.Web.Mvc.ViewResultBase.ExecuteResult(ControllerContext context)
   at System.Web.Mvc.ControllerActionInvoker.InvokeActionResult(ControllerContext controllerContext, ActionResult actionResult)
   at System.Web.Mvc.ControllerActionInvoker.InvokeActionResultFilterRecursive(IList`1 filters, Int32 filterIndex, ResultExecutingContext preContext, ControllerContext controllerContext, ActionResult actionResult)
   at System.Web.Mvc.ControllerActionInvoker.InvokeActionResultFilterRecursive(IList`1 filters, Int32 filterIndex, ResultExecutingContext preContext, ControllerContext controllerContext, ActionResult actionResult)
   at System.Web.Mvc.ControllerActionInvoker.InvokeActionResultFilterRecursive(IList`1 filters, Int32 filterIndex, ResultExecutingContext preContext, ControllerContext controllerContext, ActionResult actionResult)
   at System.Web.Mvc.ControllerActionInvoker.InvokeActionResultFilterRecursive(IList`1 filters, Int32 filterIndex, ResultExecutingContext preContext, ControllerContext controllerContext, ActionResult actionResult)
   at System.Web.Mvc.ControllerActionInvoker.InvokeActionResultFilterRecursive(IList`1 filters, Int32 filterIndex, ResultExecutingContext preContext, ControllerContext controllerContext, ActionResult actionResult)
   at System.Web.Mvc.ControllerActionInvoker.InvokeActionResultFilterRecursive(IList`1 filters, Int32 filterIndex, ResultExecutingContext preContext, ControllerContext controllerContext, ActionResult actionResult)
   at System.Web.Mvc.ControllerActionInvoker.InvokeActionResultFilterRecursive(IList`1 filters, Int32 filterIndex, ResultExecutingContext preContext, ControllerContext controllerContext, ActionResult actionResult)
   at System.Web.Mvc.ControllerActionInvoker.InvokeActionResultWithFilters(ControllerContext controllerContext, IList`1 filters, ActionResult actionResult)
   at System.Web.Mvc.Async.AsyncControllerActionInvoker.<>c__DisplayClass3_6.<BeginInvokeAction>b__4()
   at System.Web.Mvc.Async.AsyncControllerActionInvoker.<>c__DisplayClass3_1.<BeginInvokeAction>b__1(IAsyncResult asyncResult)
   at System.Web.Mvc.Async.AsyncResultWrapper.WrappedAsyncResult`1.CallEndDelegate(IAsyncResult asyncResult)
   at System.Web.Mvc.Async.AsyncResultWrapper.WrappedAsyncResultBase`1.End()
   at System.Web.Mvc.Async.AsyncControllerActionInvoker.EndInvokeAction(IAsyncResult asyncResult)
   at System.Web.Mvc.Controller.<>c.<BeginExecuteCore>b__152_1(IAsyncResult asyncResult, ExecuteCoreState innerState)
   at System.Web.Mvc.Async.AsyncResultWrapper.WrappedAsyncVoid`1.CallEndDelegate(IAsyncResult asyncResult)
   at System.Web.Mvc.Async.AsyncResultWrapper.WrappedAsyncResultBase`1.End()
   at System.Web.Mvc.Controller.EndExecuteCore(IAsyncResult asyncResult)
   at System.Web.Mvc.Controller.<>c.<BeginExecute>b__151_2(IAsyncResult asyncResult, Controller controller)
   at System.Web.Mvc.Async.AsyncResultWrapper.WrappedAsyncVoid`1.CallEndDelegate(IAsyncResult asyncResult)
   at System.Web.Mvc.Async.AsyncResultWrapper.WrappedAsyncResultBase`1.End()
   at System.Web.Mvc.Controller.EndExecute(IAsyncResult asyncResult)
   at System.Web.Mvc.Controller.System.Web.Mvc.Async.IAsyncController.EndExecute(IAsyncResult asyncResult)
   at System.Web.Mvc.MvcHandler.<>c.<BeginProcessRequest>b__20_1(IAsyncResult asyncResult, ProcessRequestState innerState)
   at System.Web.Mvc.Async.AsyncResultWrapper.WrappedAsyncVoid`1.CallEndDelegate(IAsyncResult asyncResult)
   at System.Web.Mvc.Async.AsyncResultWrapper.WrappedAsyncResultBase`1.End()
   at System.Web.Mvc.MvcHandler.EndProcessRequest(IAsyncResult asyncResult)
   at System.Web.Mvc.MvcHandler.System.Web.IHttpAsyncHandler.EndProcessRequest(IAsyncResult result)
   at System.Web.HttpApplication.CallHandlerExecutionStep.System.Web.HttpApplication.IExecutionStep.Execute()
   at System.Web.HttpApplication.ExecuteStepImpl(IExecutionStep step)
   at System.Web.HttpApplication.ExecuteStep(IExecutionStep step, Boolean& completedSynchronously)
2019-01-25 13:29:33,280 [61] ERROR EPiServer.Global: Unhandled exception in ASP.NET
System.Web.HttpException (0x80004005): Error executing child request for handler 'System.Web.Mvc.HttpHandlerUtil+ServerExecuteHttpHandlerWrapper'. ---> System.Web.HttpException (0x80004005): Error executing child request for handler 'System.Web.Mvc.HttpHandlerUtil+ServerExecuteHttpHandlerAsyncWrapper'. ---> System.Web.HttpException (0x80004005): Error executing child request for handler 'System.Web.Mvc.HttpHandlerUtil+ServerExecuteHttpHandlerWrapper'. ---> System.Web.HttpUnhandledException (0x80004005): Exception of type 'System.Web.HttpUnhandledException' was thrown. ---> System.Web.HttpException (0x80004005): Server cannot append header after HTTP headers have been sent.
   at System.Web.HttpResponse.AppendHeader(String name, String value)
   at System.Web.HttpResponseWrapper.AddHeader(String name, String value)
   at System.Web.Helpers.AntiXsrf.AntiForgeryWorker.GetFormInputElement(HttpContextBase httpContext)
   at System.Web.Helpers.AntiForgery.GetHtml()
   at System.Web.Mvc.HtmlHelper.AntiForgeryToken()
   at EPiServer.Forms.Internal.Security.AntiForgeryService.GenerateToken(HtmlHelper html, HttpContextBase httpContext, IFormContainerBlock formContainerBlock)
   at EPiServer.Forms.Helpers.Internal.HtmlExtensions.GenerateAntiForgeryToken(HtmlHelper html, IFormContainerBlock formContainerBlock)
   at ASP.episerver_episerver_forms_views_elementblocks_formcontainerblock_ascx.__Render__control1(HtmlTextWriter __w, Control parameterContainer) in http://server/EPiServer/EPiServer.Forms/Views/ElementBlocks/FormContainerBlock.ascx:line 67
   at System.Web.UI.Control.RenderChildrenInternal(HtmlTextWriter writer, ICollection children)
   at System.Web.UI.Control.RenderChildren(HtmlTextWriter writer)
   at System.Web.UI.Control.Render(HtmlTextWriter writer)
   at System.Web.UI.Control.RenderControlInternal(HtmlTextWriter writer, ControlAdapter adapter)
   at System.Web.UI.Control.RenderControl(HtmlTextWriter writer, ControlAdapter adapter)
   at System.Web.UI.Control.RenderControl(HtmlTextWriter writer)
   at System.Web.UI.Control.RenderChildrenInternal(HtmlTextWriter writer, ICollection children)
   at System.Web.UI.Control.RenderChildren(HtmlTextWriter writer)
   at System.Web.Mvc.ViewPage.Render(HtmlTextWriter writer)
   at System.Web.UI.Control.RenderControlInternal(HtmlTextWriter writer, ControlAdapter adapter)
   at System.Web.UI.Control.RenderControl(HtmlTextWriter writer, ControlAdapter adapter)
   at System.Web.UI.Control.RenderControl(HtmlTextWriter writer)
   at System.Web.UI.Page.ProcessRequestMain(Boolean includeStagesBeforeAsyncPoint, Boolean includeStagesAfterAsyncPoint)
   at System.Web.UI.Page.HandleError(Exception e)
   at System.Web.UI.Page.ProcessRequestMain(Boolean includeStagesBeforeAsyncPoint, Boolean includeStagesAfterAsyncPoint)
   at System.Web.UI.Page.ProcessRequest(Boolean includeStagesBeforeAsyncPoint, Boolean includeStagesAfterAsyncPoint)
   at System.Web.UI.Page.ProcessRequest()
   at System.Web.UI.Page.ProcessRequestWithNoAssert(HttpContext context)
   at System.Web.UI.Page.ProcessRequest(HttpContext context)
   at System.Web.Mvc.ViewPage.ProcessRequest(HttpContext context)
   at System.Web.Mvc.ViewUserControl.ViewUserControlContainerPage.ProcessRequest(HttpContext context)
   at System.Web.Mvc.HttpHandlerUtil.ServerExecuteHttpHandlerWrapper.<>c__DisplayClass4_0.<ProcessRequest>b__0()
   at System.Web.Mvc.HttpHandlerUtil.ServerExecuteHttpHandlerWrapper.<>c__DisplayClass5_0.<Wrap>b__0()
   at System.Web.Mvc.HttpHandlerUtil.ServerExecuteHttpHandlerWrapper.Wrap[TResult](Func`1 func)
   at System.Web.Mvc.HttpHandlerUtil.ServerExecuteHttpHandlerWrapper.Wrap(Action action)
   at System.Web.Mvc.HttpHandlerUtil.ServerExecuteHttpHandlerWrapper.ProcessRequest(HttpContext context)
   at System.Web.HttpServerUtility.ExecuteInternal(IHttpHandler handler, TextWriter writer, Boolean preserveForm, Boolean setPreviousPage, VirtualPath path, VirtualPath filePath, String physPath, Exception error, String queryStringOverride)
   at System.Web.HttpServerUtility.ExecuteInternal(IHttpHandler handler, TextWriter writer, Boolean preserveForm, Boolean setPreviousPage, VirtualPath path, VirtualPath filePath, String physPath, Exception error, String queryStringOverride)
   at System.Web.HttpServerUtility.Execute(IHttpHandler handler, TextWriter writer, Boolean preserveForm, Boolean setPreviousPage)
   at System.Web.HttpServerUtility.Execute(IHttpHandler handler, TextWriter writer, Boolean preserveForm)
   at System.Web.HttpServerUtilityWrapper.Execute(IHttpHandler handler, TextWriter writer, Boolean preserveForm)
   at System.Web.Mvc.ViewPage.RenderView(ViewContext viewContext)
   at System.Web.Mvc.ViewUserControl.RenderViewAndRestoreContentType(ViewPage containerPage, ViewContext viewContext)
   at System.Web.Mvc.ViewUserControl.RenderView(ViewContext viewContext)
   at System.Web.Mvc.WebFormView.RenderViewUserControl(ViewContext context, ViewUserControl control)
   at System.Web.Mvc.WebFormView.RenderView(ViewContext viewContext, TextWriter writer, Object instance)
   at System.Web.Mvc.BuildManagerCompiledView.Render(ViewContext viewContext, TextWriter writer)
   at System.Web.Mvc.ViewResultBase.ExecuteResult(ControllerContext context)
   at System.Web.Mvc.ControllerActionInvoker.InvokeActionResult(ControllerContext controllerContext, ActionResult actionResult)
   at System.Web.Mvc.ControllerActionInvoker.InvokeActionResultFilterRecursive(IList`1 filters, Int32 filterIndex, ResultExecutingContext preContext, ControllerContext controllerContext, ActionResult actionResult)
   at System.Web.Mvc.ControllerActionInvoker.InvokeActionResultFilterRecursive(IList`1 filters, Int32 filterIndex, ResultExecutingContext preContext, ControllerContext controllerContext, ActionResult actionResult)
   at System.Web.Mvc.ControllerActionInvoker.InvokeActionResultFilterRecursive(IList`1 filters, Int32 filterIndex, ResultExecutingContext preContext, ControllerContext controllerContext, ActionResult actionResult)
   at System.Web.Mvc.ControllerActionInvoker.InvokeActionResultFilterRecursive(IList`1 filters, Int32 filterIndex, ResultExecutingContext preContext, ControllerContext controllerContext, ActionResult actionResult)
   at System.Web.Mvc.ControllerActionInvoker.InvokeActionResultFilterRecursive(IList`1 filters, Int32 filterIndex, ResultExecutingContext preContext, ControllerContext controllerContext, ActionResult actionResult)
   at System.Web.Mvc.ControllerActionInvoker.InvokeActionResultWithFilters(ControllerContext controllerContext, IList`1 filters, ActionResult actionResult)
   at System.Web.Mvc.Async.AsyncControllerActionInvoker.<>c__DisplayClass3_6.<BeginInvokeAction>b__4()
   at System.Web.Mvc.Async.AsyncControllerActionInvoker.<>c__DisplayClass3_1.<BeginInvokeAction>b__1(IAsyncResult asyncResult)
   at System.Web.Mvc.Async.AsyncResultWrapper.WrappedAsyncResult`1.CallEndDelegate(IAsyncResult asyncResult)
   at System.Web.Mvc.Async.AsyncResultWrapper.WrappedAsyncResultBase`1.End()
   at System.Web.Mvc.Async.AsyncControllerActionInvoker.EndInvokeAction(IAsyncResult asyncResult)
   at System.Web.Mvc.Controller.<>c.<BeginExecuteCore>b__152_1(IAsyncResult asyncResult, ExecuteCoreState innerState)
   at System.Web.Mvc.Async.AsyncResultWrapper.WrappedAsyncVoid`1.CallEndDelegate(IAsyncResult asyncResult)
   at System.Web.Mvc.Async.AsyncResultWrapper.WrappedAsyncResultBase`1.End()
   at System.Web.Mvc.Controller.EndExecuteCore(IAsyncResult asyncResult)
   at System.Web.Mvc.Controller.<>c.<BeginExecute>b__151_2(IAsyncResult asyncResult, Controller controller)
   at System.Web.Mvc.Async.AsyncResultWrapper.WrappedAsyncVoid`1.CallEndDelegate(IAsyncResult asyncResult)
   at System.Web.Mvc.Async.AsyncResultWrapper.WrappedAsyncResultBase`1.End()
   at System.Web.Mvc.Controller.EndExecute(IAsyncResult asyncResult)
   at System.Web.Mvc.Controller.System.Web.Mvc.Async.IAsyncController.EndExecute(IAsyncResult asyncResult)
   at System.Web.Mvc.MvcHandler.<>c.<BeginProcessRequest>b__20_1(IAsyncResult asyncResult, ProcessRequestState innerState)
   at System.Web.Mvc.Async.AsyncResultWrapper.WrappedAsyncVoid`1.CallEndDelegate(IAsyncResult asyncResult)
   at System.Web.Mvc.Async.AsyncResultWrapper.WrappedAsyncResultBase`1.End()
   at System.Web.Mvc.MvcHandler.EndProcessRequest(IAsyncResult asyncResult)
   at System.Web.Mvc.MvcHandler.System.Web.IHttpAsyncHandler.EndProcessRequest(IAsyncResult result)
   at System.Web.Mvc.HttpHandlerUtil.ServerExecuteHttpHandlerAsyncWrapper.<>c__DisplayClass3_0.<EndProcessRequest>b__0()
   at System.Web.Mvc.HttpHandlerUtil.ServerExecuteHttpHandlerWrapper.<>c__DisplayClass5_0.<Wrap>b__0()
   at System.Web.Mvc.HttpHandlerUtil.ServerExecuteHttpHandlerWrapper.Wrap[TResult](Func`1 func)
   at System.Web.Mvc.HttpHandlerUtil.ServerExecuteHttpHandlerWrapper.Wrap(Action action)
   at System.Web.Mvc.HttpHandlerUtil.ServerExecuteHttpHandlerAsyncWrapper.EndProcessRequest(IAsyncResult result)
   at System.Web.HttpServerUtility.ExecuteInternal(IHttpHandler handler, TextWriter writer, Boolean preserveForm, Boolean setPreviousPage, VirtualPath path, VirtualPath filePath, String physPath, Exception error, String queryStringOverride)
   at System.Web.HttpServerUtility.ExecuteInternal(IHttpHandler handler, TextWriter writer, Boolean preserveForm, Boolean setPreviousPage, VirtualPath path, VirtualPath filePath, String physPath, Exception error, String queryStringOverride)
   at System.Web.HttpServerUtility.Execute(IHttpHandler handler, TextWriter writer, Boolean preserveForm, Boolean setPreviousPage)
   at System.Web.HttpServerUtility.Execute(IHttpHandler handler, TextWriter writer, Boolean preserveForm)
   at System.Web.HttpServerUtilityWrapper.Execute(IHttpHandler handler, TextWriter writer, Boolean preserveForm)
   at System.Web.Mvc.Html.ChildActionExtensions.ActionHelper(HtmlHelper htmlHelper, String actionName, String controllerName, RouteValueDictionary routeValues, TextWriter textWriter)
   at EPiServer.Web.Mvc.PartialRequest.RenderAction(HtmlHelper helper, String action, String controller, Object routeValues)
   at EPiServer.Web.Mvc.Internal.DefaultMvcContentRenderer.Render(HtmlHelper helper, PartialRequest partialRequestHandler, IContentData contentData, TemplateModel templateModel)
   at EPiServer.Web.Mvc.Html.IContentDataExtensions.RenderContentData(HtmlHelper html, IContentData contentData, Boolean isContentInContentArea, TemplateModel templateModel, IContentRenderer contentRenderer, Func`1 partialRequest)
   at EPiServer.Web.Mvc.Html.ContentAreaRenderer.RenderContentAreaItem(HtmlHelper htmlHelper, ContentAreaItem contentAreaItem, String templateTag, String htmlTag, String cssClass)
   at EPiServer.Web.Mvc.Html.ContentAreaRenderer.RenderContentAreaItems(HtmlHelper htmlHelper, IEnumerable`1 contentAreaItems)
   at EPiServer.Web.Mvc.Html.ContentAreaRenderer.Render(HtmlHelper htmlHelper, ContentArea contentArea)
   at EPiServer.Web.Mvc.Html.ContentAreaExtensions.RenderContentArea(HtmlHelper htmlHelper, ContentArea contentArea)
   at ASP.util_views_shared_displaytemplates_contentarea_ascx.__Render__control1(HtmlTextWriter __w, Control parameterContainer) in http://server/Util/Views/Shared/DisplayTemplates/ContentArea.ascx:line 4
   at System.Web.UI.Control.RenderChildrenInternal(HtmlTextWriter writer, ICollection children)
   at System.Web.UI.Control.RenderChildren(HtmlTextWriter writer)
   at System.Web.UI.Control.Render(HtmlTextWriter writer)
   at System.Web.UI.Control.RenderControlInternal(HtmlTextWriter writer, ControlAdapter adapter)
   at System.Web.UI.Control.RenderControl(HtmlTextWriter writer, ControlAdapter adapter)
   at System.Web.UI.Control.RenderControl(HtmlTextWriter writer)
   at System.Web.UI.Control.RenderChildrenInternal(HtmlTextWriter writer, ICollection children)
   at System.Web.UI.Control.RenderChildren(HtmlTextWriter writer)
   at System.Web.Mvc.ViewPage.Render(HtmlTextWriter writer)
   at System.Web.UI.Control.RenderControlInternal(HtmlTextWriter writer, ControlAdapter adapter)
   at System.Web.UI.Control.RenderControl(HtmlTextWriter writer, ControlAdapter adapter)
   at System.Web.UI.Control.RenderControl(HtmlTextWriter writer)
   at System.Web.UI.Page.ProcessRequestMain(Boolean includeStagesBeforeAsyncPoint, Boolean includeStagesAfterAsyncPoint)
   at System.Web.UI.Page.ProcessRequest(Boolean includeStagesBeforeAsyncPoint, Boolean includeStagesAfterAsyncPoint)
   at System.Web.UI.Page.ProcessRequest()
   at System.Web.UI.Page.ProcessRequestWithNoAssert(HttpContext context)
   at System.Web.UI.Page.ProcessRequest(HttpContext context)
   at System.Web.Mvc.ViewPage.ProcessRequest(HttpContext context)
   at System.Web.Mvc.ViewUserControl.ViewUserControlContainerPage.ProcessRequest(HttpContext context)
   at System.Web.Mvc.HttpHandlerUtil.ServerExecuteHttpHandlerWrapper.<>c__DisplayClass4_0.<ProcessRequest>b__0()
   at System.Web.Mvc.HttpHandlerUtil.ServerExecuteHttpHandlerWrapper.<>c__DisplayClass5_0.<Wrap>b__0()
   at System.Web.Mvc.HttpHandlerUtil.ServerExecuteHttpHandlerWrapper.Wrap[TResult](Func`1 func)
   at System.Web.Mvc.HttpHandlerUtil.ServerExecuteHttpHandlerWrapper.Wrap(Action action)
   at System.Web.Mvc.HttpHandlerUtil.ServerExecuteHttpHandlerWrapper.ProcessRequest(HttpContext context)
   at System.Web.HttpServerUtility.ExecuteInternal(IHttpHandler handler, TextWriter writer, Boolean preserveForm, Boolean setPreviousPage, VirtualPath path, VirtualPath filePath, String physPath, Exception error, String queryStringOverride)
   at System.Web.HttpServerUtility.ExecuteInternal(IHttpHandler handler, TextWriter writer, Boolean preserveForm, Boolean setPreviousPage, VirtualPath path, VirtualPath filePath, String physPath, Exception error, String queryStringOverride)
   at System.Web.HttpServerUtility.Execute(IHttpHandler handler, TextWriter writer, Boolean preserveForm, Boolean setPreviousPage)
   at System.Web.HttpServerUtility.Execute(IHttpHandler handler, TextWriter writer, Boolean preserveForm)
   at System.Web.HttpServerUtilityWrapper.Execute(IHttpHandler handler, TextWriter writer, Boolean preserveForm)
   at System.Web.Mvc.ViewPage.RenderView(ViewContext viewContext)
   at System.Web.Mvc.ViewUserControl.RenderViewAndRestoreContentType(ViewPage containerPage, ViewContext viewContext)
   at System.Web.Mvc.ViewUserControl.RenderView(ViewContext viewContext)
   at System.Web.Mvc.WebFormView.RenderViewUserControl(ViewContext context, ViewUserControl control)
   at System.Web.Mvc.WebFormView.RenderView(ViewContext viewContext, TextWriter writer, Object instance)
   at System.Web.Mvc.BuildManagerCompiledView.Render(ViewContext viewContext, TextWriter writer)
   at System.Web.Mvc.Html.TemplateHelpers.ExecuteTemplate(HtmlHelper html, ViewDataDictionary viewData, String templateName, DataBoundControlMode mode, GetViewNamesDelegate getViewNames, GetDefaultActionsDelegate getDefaultActions)
   at System.Web.Mvc.Html.TemplateHelpers.TemplateHelper(HtmlHelper html, ModelMetadata metadata, String htmlFieldName, String templateName, DataBoundControlMode mode, Object additionalViewData, ExecuteTemplateDelegate executeTemplate)
   at System.Web.Mvc.Html.TemplateHelpers.TemplateHelper(HtmlHelper html, ModelMetadata metadata, String htmlFieldName, String templateName, DataBoundControlMode mode, Object additionalViewData)
   at System.Web.Mvc.Html.TemplateHelpers.TemplateFor[TContainer,TValue](HtmlHelper`1 html, Expression`1 expression, String templateName, String htmlFieldName, DataBoundControlMode mode, Object additionalViewData, TemplateHelperDelegate templateHelper)
   at System.Web.Mvc.Html.TemplateHelpers.TemplateFor[TContainer,TValue](HtmlHelper`1 html, Expression`1 expression, String templateName, String htmlFieldName, DataBoundControlMode mode, Object additionalViewData)
   at System.Web.Mvc.Html.DisplayExtensions.DisplayFor[TModel,TValue](HtmlHelper`1 html, Expression`1 expression)
   at EPiServer.Web.Mvc.Html.PropertyExtensions.<>c__DisplayClass4_0`2.<PropertyFor>b__0(String templateName)
   at EPiServer.Web.Mvc.Html.PropertyRenderer.<>c__DisplayClass12_0`2.<GetHtmlForDefaultMode>b__0(StringWriter writer)
   at EPiServer.Web.Mvc.Html.PropertyRenderer.CreateMvcHtmlString(Action`1 action)
   at EPiServer.Web.Mvc.Html.PropertyRenderer.GetHtmlForDefaultMode[TModel,TValue](String propertyName, String templateName, String elementName, String elementCssClass, Func`2 displayForAction)
   at EPiServer.Web.Mvc.Html.PropertyRenderer.PropertyFor[TModel,TValue](HtmlHelper`1 html, String viewModelPropertyName, Object additionalViewData, Object editorSettings, Expression`1 expression, Func`2 displayForAction)
   at EPiServer.Web.Mvc.Html.PropertyExtensions.PropertyFor[TModel,TValue](HtmlHelper`1 html, Expression`1 expression)
   at ASP._Page_Views_ContactUsPage_Index_cshtml.Execute() in c:\Users\naluzzi\source\repos\IcelandAndI\IcelandAndI\Views\ContactUsPage\Index.cshtml:line 15
   at System.Web.WebPages.WebPageBase.ExecutePageHierarchy()
   at System.Web.Mvc.WebViewPage.ExecutePageHierarchy()
   at System.Web.WebPages.StartPage.RunPage()
   at System.Web.WebPages.StartPage.ExecutePageHierarchy()
   at System.Web.WebPages.WebPageBase.ExecutePageHierarchy(WebPageContext pageContext, TextWriter writer, WebPageRenderingBase startPage)
   at System.Web.Mvc.RazorView.RenderView(ViewContext viewContext, TextWriter writer, Object instance)
   at System.Web.Mvc.BuildManagerCompiledView.Render(ViewContext viewContext, TextWriter writer)
   at System.Web.Mvc.ViewResultBase.ExecuteResult(ControllerContext context)
   at System.Web.Mvc.ControllerActionInvoker.InvokeActionResult(ControllerContext controllerContext, ActionResult actionResult)
   at System.Web.Mvc.ControllerActionInvoker.InvokeActionResultFilterRecursive(IList`1 filters, Int32 filterIndex, ResultExecutingContext preContext, ControllerContext controllerContext, ActionResult actionResult)
   at System.Web.Mvc.ControllerActionInvoker.InvokeActionResultFilterRecursive(IList`1 filters, Int32 filterIndex, ResultExecutingContext preContext, ControllerContext controllerContext, ActionResult actionResult)
   at System.Web.Mvc.ControllerActionInvoker.InvokeActionResultFilterRecursive(IList`1 filters, Int32 filterIndex, ResultExecutingContext preContext, ControllerContext controllerContext, ActionResult actionResult)
   at System.Web.Mvc.ControllerActionInvoker.InvokeActionResultFilterRecursive(IList`1 filters, Int32 filterIndex, ResultExecutingContext preContext, ControllerContext controllerContext, ActionResult actionResult)
   at System.Web.Mvc.ControllerActionInvoker.InvokeActionResultFilterRecursive(IList`1 filters, Int32 filterIndex, ResultExecutingContext preContext, ControllerContext controllerContext, ActionResult actionResult)
   at System.Web.Mvc.ControllerActionInvoker.InvokeActionResultFilterRecursive(IList`1 filters, Int32 filterIndex, ResultExecutingContext preContext, ControllerContext controllerContext, ActionResult actionResult)
   at System.Web.Mvc.ControllerActionInvoker.InvokeActionResultFilterRecursive(IList`1 filters, Int32 filterIndex, ResultExecutingContext preContext, ControllerContext controllerContext, ActionResult actionResult)
   at System.Web.Mvc.ControllerActionInvoker.InvokeActionResultWithFilters(ControllerContext controllerContext, IList`1 filters, ActionResult actionResult)
   at System.Web.Mvc.Async.AsyncControllerActionInvoker.<>c__DisplayClass3_6.<BeginInvokeAction>b__4()
   at System.Web.Mvc.Async.AsyncControllerActionInvoker.<>c__DisplayClass3_1.<BeginInvokeAction>b__1(IAsyncResult asyncResult)
   at System.Web.Mvc.Async.AsyncResultWrapper.WrappedAsyncResult`1.CallEndDelegate(IAsyncResult asyncResult)
   at System.Web.Mvc.Async.AsyncResultWrapper.WrappedAsyncResultBase`1.End()
   at System.Web.Mvc.Async.AsyncControllerActionInvoker.EndInvokeAction(IAsyncResult asyncResult)
   at System.Web.Mvc.Controller.<>c.<BeginExecuteCore>b__152_1(IAsyncResult asyncResult, ExecuteCoreState innerState)
   at System.Web.Mvc.Async.AsyncResultWrapper.WrappedAsyncVoid`1.CallEndDelegate(IAsyncResult asyncResult)
   at System.Web.Mvc.Async.AsyncResultWrapper.WrappedAsyncResultBase`1.End()
   at System.Web.Mvc.Controller.EndExecuteCore(IAsyncResult asyncResult)
   at System.Web.Mvc.Controller.<>c.<BeginExecute>b__151_2(IAsyncResult asyncResult, Controller controller)
   at System.Web.Mvc.Async.AsyncResultWrapper.WrappedAsyncVoid`1.CallEndDelegate(IAsyncResult asyncResult)
   at System.Web.Mvc.Async.AsyncResultWrapper.WrappedAsyncResultBase`1.End()
   at System.Web.Mvc.Controller.EndExecute(IAsyncResult asyncResult)
   at System.Web.Mvc.Controller.System.Web.Mvc.Async.IAsyncController.EndExecute(IAsyncResult asyncResult)
   at System.Web.Mvc.MvcHandler.<>c.<BeginProcessRequest>b__20_1(IAsyncResult asyncResult, ProcessRequestState innerState)
   at System.Web.Mvc.Async.AsyncResultWrapper.WrappedAsyncVoid`1.CallEndDelegate(IAsyncResult asyncResult)
   at System.Web.Mvc.Async.AsyncResultWrapper.WrappedAsyncResultBase`1.End()
   at System.Web.Mvc.MvcHandler.EndProcessRequest(IAsyncResult asyncResult)
   at System.Web.Mvc.MvcHandler.System.Web.IHttpAsyncHandler.EndProcessRequest(IAsyncResult result)
   at System.Web.HttpApplication.CallHandlerExecutionStep.System.Web.HttpApplication.IExecutionStep.Execute()
   at System.Web.HttpApplication.ExecuteStepImpl(IExecutionStep step)
   at System.Web.HttpApplication.ExecuteStep(IExecutionStep step, Boolean& completedSynchronously)
System.Web.HttpException (0x80004005): Error executing child request for handler 'System.Web.Mvc.HttpHandlerUtil+ServerExecuteHttpHandlerWrapper'. ---> System.Web.HttpException (0x80004005): Error executing child request for handler 'System.Web.Mvc.HttpHandlerUtil+ServerExecuteHttpHandlerAsyncWrapper'. ---> System.Web.HttpException (0x80004005): Error executing child request for handler 'System.Web.Mvc.HttpHandlerUtil+ServerExecuteHttpHandlerWrapper'. ---> System.Web.HttpUnhandledException (0x80004005): Exception of type 'System.Web.HttpUnhandledException' was thrown. ---> System.Web.HttpException (0x80004005): Server cannot append header after HTTP headers have been sent.
   at System.Web.HttpResponse.AppendHeader(String name, String value)
   at System.Web.HttpResponseWrapper.AddHeader(String name, String value)
   at System.Web.Helpers.AntiXsrf.AntiForgeryWorker.GetFormInputElement(HttpContextBase httpContext)
   at System.Web.Helpers.AntiForgery.GetHtml()
   at System.Web.Mvc.HtmlHelper.AntiForgeryToken()
   at EPiServer.Forms.Internal.Security.AntiForgeryService.GenerateToken(HtmlHelper html, HttpContextBase httpContext, IFormContainerBlock formContainerBlock)
   at EPiServer.Forms.Helpers.Internal.HtmlExtensions.GenerateAntiForgeryToken(HtmlHelper html, IFormContainerBlock formContainerBlock)
   at ASP.episerver_episerver_forms_views_elementblocks_formcontainerblock_ascx.__Render__control1(HtmlTextWriter __w, Control parameterContainer) in http://server/EPiServer/EPiServer.Forms/Views/ElementBlocks/FormContainerBlock.ascx:line 67
   at System.Web.UI.Control.RenderChildrenInternal(HtmlTextWriter writer, ICollection children)
   at System.Web.UI.Control.RenderChildren(HtmlTextWriter writer)
   at System.Web.UI.Control.Render(HtmlTextWriter writer)
   at System.Web.UI.Control.RenderControlInternal(HtmlTextWriter writer, ControlAdapter adapter)
   at System.Web.UI.Control.RenderControl(HtmlTextWriter writer, ControlAdapter adapter)
   at System.Web.UI.Control.RenderControl(HtmlTextWriter writer)
   at System.Web.UI.Control.RenderChildrenInternal(HtmlTextWriter writer, ICollection children)
   at System.Web.UI.Control.RenderChildren(HtmlTextWriter writer)
   at System.Web.Mvc.ViewPage.Render(HtmlTextWriter writer)
   at System.Web.UI.Control.RenderControlInternal(HtmlTextWriter writer, ControlAdapter adapter)
   at System.Web.UI.Control.RenderControl(HtmlTextWriter writer, ControlAdapter adapter)
   at System.Web.UI.Control.RenderControl(HtmlTextWriter writer)
   at System.Web.UI.Page.ProcessRequestMain(Boolean includeStagesBeforeAsyncPoint, Boolean includeStagesAfterAsyncPoint)
   at System.Web.UI.Page.HandleError(Exception e)
   at System.Web.UI.Page.ProcessRequestMain(Boolean includeStagesBeforeAsyncPoint, Boolean includeStagesAfterAsyncPoint)
   at System.Web.UI.Page.ProcessRequest(Boolean includeStagesBeforeAsyncPoint, Boolean includeStagesAfterAsyncPoint)
   at System.Web.UI.Page.ProcessRequest()
   at System.Web.UI.Page.ProcessRequestWithNoAssert(HttpContext context)
   at System.Web.UI.Page.ProcessRequest(HttpContext context)
   at System.Web.Mvc.ViewPage.ProcessRequest(HttpContext context)
   at System.Web.Mvc.ViewUserControl.ViewUserControlContainerPage.ProcessRequest(HttpContext context)
   at System.Web.Mvc.HttpHandlerUtil.ServerExecuteHttpHandlerWrapper.<>c__DisplayClass4_0.<ProcessRequest>b__0()
   at System.Web.Mvc.HttpHandlerUtil.ServerExecuteHttpHandlerWrapper.<>c__DisplayClass5_0.<Wrap>b__0()
   at System.Web.Mvc.HttpHandlerUtil.ServerExecuteHttpHandlerWrapper.Wrap[TResult](Func`1 func)
   at System.Web.Mvc.HttpHandlerUtil.ServerExecuteHttpHandlerWrapper.Wrap(Action action)
   at System.Web.Mvc.HttpHandlerUtil.ServerExecuteHttpHandlerWrapper.ProcessRequest(HttpContext context)
   at System.Web.HttpServerUtility.ExecuteInternal(IHttpHandler handler, TextWriter writer, Boolean preserveForm, Boolean setPreviousPage, VirtualPath path, VirtualPath filePath, String physPath, Exception error, String queryStringOverride)
   at System.Web.HttpServerUtility.ExecuteInternal(IHttpHandler handler, TextWriter writer, Boolean preserveForm, Boolean setPreviousPage, VirtualPath path, VirtualPath filePath, String physPath, Exception error, String queryStringOverride)
   at System.Web.HttpServerUtility.Execute(IHttpHandler handler, TextWriter writer, Boolean preserveForm, Boolean setPreviousPage)
   at System.Web.HttpServerUtility.Execute(IHttpHandler handler, TextWriter writer, Boolean preserveForm)
   at System.Web.HttpServerUtilityWrapper.Execute(IHttpHandler handler, TextWriter writer, Boolean preserveForm)
   at System.Web.Mvc.ViewPage.RenderView(ViewContext viewContext)
   at System.Web.Mvc.ViewUserControl.RenderViewAndRestoreContentType(ViewPage containerPage, ViewContext viewContext)
   at System.Web.Mvc.ViewUserControl.RenderView(ViewContext viewContext)
   at System.Web.Mvc.WebFormView.RenderViewUserControl(ViewContext context, ViewUserControl control)
   at System.Web.Mvc.WebFormView.RenderView(ViewContext viewContext, TextWriter writer, Object instance)
   at System.Web.Mvc.BuildManagerCompiledView.Render(ViewContext viewContext, TextWriter writer)
   at System.Web.Mvc.ViewResultBase.ExecuteResult(ControllerContext context)
   at System.Web.Mvc.ControllerActionInvoker.InvokeActionResult(ControllerContext controllerContext, ActionResult actionResult)
   at System.Web.Mvc.ControllerActionInvoker.InvokeActionResultFilterRecursive(IList`1 filters, Int32 filterIndex, ResultExecutingContext preContext, ControllerContext controllerContext, ActionResult actionResult)
   at System.Web.Mvc.ControllerActionInvoker.InvokeActionResultFilterRecursive(IList`1 filters, Int32 filterIndex, ResultExecutingContext preContext, ControllerContext controllerContext, ActionResult actionResult)
   at System.Web.Mvc.ControllerActionInvoker.InvokeActionResultFilterRecursive(IList`1 filters, Int32 filterIndex, ResultExecutingContext preContext, ControllerContext controllerContext, ActionResult actionResult)
   at System.Web.Mvc.ControllerActionInvoker.InvokeActionResultFilterRecursive(IList`1 filters, Int32 filterIndex, ResultExecutingContext preContext, ControllerContext controllerContext, ActionResult actionResult)
   at System.Web.Mvc.ControllerActionInvoker.InvokeActionResultFilterRecursive(IList`1 filters, Int32 filterIndex, ResultExecutingContext preContext, ControllerContext controllerContext, ActionResult actionResult)
   at System.Web.Mvc.ControllerActionInvoker.InvokeActionResultWithFilters(ControllerContext controllerContext, IList`1 filters, ActionResult actionResult)
   at System.Web.Mvc.Async.AsyncControllerActionInvoker.<>c__DisplayClass3_6.<BeginInvokeAction>b__4()
   at System.Web.Mvc.Async.AsyncControllerActionInvoker.<>c__DisplayClass3_1.<BeginInvokeAction>b__1(IAsyncResult asyncResult)
   at System.Web.Mvc.Async.AsyncResultWrapper.WrappedAsyncResult`1.CallEndDelegate(IAsyncResult asyncResult)
   at System.Web.Mvc.Async.AsyncResultWrapper.WrappedAsyncResultBase`1.End()
   at System.Web.Mvc.Async.AsyncControllerActionInvoker.EndInvokeAction(IAsyncResult asyncResult)
   at System.Web.Mvc.Controller.<>c.<BeginExecuteCore>b__152_1(IAsyncResult asyncResult, ExecuteCoreState innerState)
   at System.Web.Mvc.Async.AsyncResultWrapper.WrappedAsyncVoid`1.CallEndDelegate(IAsyncResult asyncResult)
   at System.Web.Mvc.Async.AsyncResultWrapper.WrappedAsyncResultBase`1.End()
   at System.Web.Mvc.Controller.EndExecuteCore(IAsyncResult asyncResult)
   at System.Web.Mvc.Controller.<>c.<BeginExecute>b__151_2(IAsyncResult asyncResult, Controller controller)
   at System.Web.Mvc.Async.AsyncResultWrapper.WrappedAsyncVoid`1.CallEndDelegate(IAsyncResult asyncResult)
   at System.Web.Mvc.Async.AsyncResultWrapper.WrappedAsyncResultBase`1.End()
   at System.Web.Mvc.Controller.EndExecute(IAsyncResult asyncResult)
   at System.Web.Mvc.Controller.System.Web.Mvc.Async.IAsyncController.EndExecute(IAsyncResult asyncResult)
   at System.Web.Mvc.MvcHandler.<>c.<BeginProcessRequest>b__20_1(IAsyncResult asyncResult, ProcessRequestState innerState)
   at System.Web.Mvc.Async.AsyncResultWrapper.WrappedAsyncVoid`1.CallEndDelegate(IAsyncResult asyncResult)
   at System.Web.Mvc.Async.AsyncResultWrapper.WrappedAsyncResultBase`1.End()
   at System.Web.Mvc.MvcHandler.EndProcessRequest(IAsyncResult asyncResult)
   at System.Web.Mvc.MvcHandler.System.Web.IHttpAsyncHandler.EndProcessRequest(IAsyncResult result)
   at System.Web.Mvc.HttpHandlerUtil.ServerExecuteHttpHandlerAsyncWrapper.<>c__DisplayClass3_0.<EndProcessRequest>b__0()
   at System.Web.Mvc.HttpHandlerUtil.ServerExecuteHttpHandlerWrapper.<>c__DisplayClass5_0.<Wrap>b__0()
   at System.Web.Mvc.HttpHandlerUtil.ServerExecuteHttpHandlerWrapper.Wrap[TResult](Func`1 func)
   at System.Web.Mvc.HttpHandlerUtil.ServerExecuteHttpHandlerWrapper.Wrap(Action action)
   at System.Web.Mvc.HttpHandlerUtil.ServerExecuteHttpHandlerAsyncWrapper.EndProcessRequest(IAsyncResult result)
   at System.Web.HttpServerUtility.ExecuteInternal(IHttpHandler handler, TextWriter writer, Boolean preserveForm, Boolean setPreviousPage, VirtualPath path, VirtualPath filePath, String physPath, Exception error, String queryStringOverride)
   at System.Web.HttpServerUtility.ExecuteInternal(IHttpHandler handler, TextWriter writer, Boolean preserveForm, Boolean setPreviousPage, VirtualPath path, VirtualPath filePath, String physPath, Exception error, String queryStringOverride)
   at System.Web.HttpServerUtility.Execute(IHttpHandler handler, TextWriter writer, Boolean preserveForm, Boolean setPreviousPage)
   at System.Web.HttpServerUtility.Execute(IHttpHandler handler, TextWriter writer, Boolean preserveForm)
   at System.Web.HttpServerUtilityWrapper.Execute(IHttpHandler handler, TextWriter writer, Boolean preserveForm)
   at System.Web.Mvc.Html.ChildActionExtensions.ActionHelper(HtmlHelper htmlHelper, String actionName, String controllerName, RouteValueDictionary routeValues, TextWriter textWriter)
   at EPiServer.Web.Mvc.PartialRequest.RenderAction(HtmlHelper helper, String action, String controller, Object routeValues)
   at EPiServer.Web.Mvc.Internal.DefaultMvcContentRenderer.Render(HtmlHelper helper, PartialRequest partialRequestHandler, IContentData contentData, TemplateModel templateModel)
   at EPiServer.Web.Mvc.Html.IContentDataExtensions.RenderContentData(HtmlHelper html, IContentData contentData, Boolean isContentInContentArea, TemplateModel templateModel, IContentRenderer contentRenderer, Func`1 partialRequest)
   at EPiServer.Web.Mvc.Html.ContentAreaRenderer.RenderContentAreaItem(HtmlHelper htmlHelper, ContentAreaItem contentAreaItem, String templateTag, String htmlTag, String cssClass)
   at EPiServer.Web.Mvc.Html.ContentAreaRenderer.RenderContentAreaItems(HtmlHelper htmlHelper, IEnumerable`1 contentAreaItems)
   at EPiServer.Web.Mvc.Html.ContentAreaRenderer.Render(HtmlHelper htmlHelper, ContentArea contentArea)
   at EPiServer.Web.Mvc.Html.ContentAreaExtensions.RenderContentArea(HtmlHelper htmlHelper, ContentArea contentArea)
   at ASP.util_views_shared_displaytemplates_contentarea_ascx.__Render__control1(HtmlTextWriter __w, Control parameterContainer) in http://server/Util/Views/Shared/DisplayTemplates/ContentArea.ascx:line 4
   at System.Web.UI.Control.RenderChildrenInternal(HtmlTextWriter writer, ICollection children)
   at System.Web.UI.Control.RenderChildren(HtmlTextWriter writer)
   at System.Web.UI.Control.Render(HtmlTextWriter writer)
   at System.Web.UI.Control.RenderControlInternal(HtmlTextWriter writer, ControlAdapter adapter)
   at System.Web.UI.Control.RenderControl(HtmlTextWriter writer, ControlAdapter adapter)
   at System.Web.UI.Control.RenderControl(HtmlTextWriter writer)
   at System.Web.UI.Control.RenderChildrenInternal(HtmlTextWriter writer, ICollection children)
   at System.Web.UI.Control.RenderChildren(HtmlTextWriter writer)
   at System.Web.Mvc.ViewPage.Render(HtmlTextWriter writer)
   at System.Web.UI.Control.RenderControlInternal(HtmlTextWriter writer, ControlAdapter adapter)
   at System.Web.UI.Control.RenderControl(HtmlTextWriter writer, ControlAdapter adapter)
   at System.Web.UI.Control.RenderControl(HtmlTextWriter writer)
   at System.Web.UI.Page.ProcessRequestMain(Boolean includeStagesBeforeAsyncPoint, Boolean includeStagesAfterAsyncPoint)
   at System.Web.UI.Page.ProcessRequest(Boolean includeStagesBeforeAsyncPoint, Boolean includeStagesAfterAsyncPoint)
   at System.Web.UI.Page.ProcessRequest()
   at System.Web.UI.Page.ProcessRequestWithNoAssert(HttpContext context)
   at System.Web.UI.Page.ProcessRequest(HttpContext context)
   at System.Web.Mvc.ViewPage.ProcessRequest(HttpContext context)
   at System.Web.Mvc.ViewUserControl.ViewUserControlContainerPage.ProcessRequest(HttpContext context)
   at System.Web.Mvc.HttpHandlerUtil.ServerExecuteHttpHandlerWrapper.<>c__DisplayClass4_0.<ProcessRequest>b__0()
   at System.Web.Mvc.HttpHandlerUtil.ServerExecuteHttpHandlerWrapper.<>c__DisplayClass5_0.<Wrap>b__0()
   at System.Web.Mvc.HttpHandlerUtil.ServerExecuteHttpHandlerWrapper.Wrap[TResult](Func`1 func)
   at System.Web.Mvc.HttpHandlerUtil.ServerExecuteHttpHandlerWrapper.Wrap(Action action)
   at System.Web.Mvc.HttpHandlerUtil.ServerExecuteHttpHandlerWrapper.ProcessRequest(HttpContext context)
   at System.Web.HttpServerUtility.ExecuteInternal(IHttpHandler handler, TextWriter writer, Boolean preserveForm, Boolean setPreviousPage, VirtualPath path, VirtualPath filePath, String physPath, Exception error, String queryStringOverride)
   at System.Web.HttpServerUtility.ExecuteInternal(IHttpHandler handler, TextWriter writer, Boolean preserveForm, Boolean setPreviousPage, VirtualPath path, VirtualPath filePath, String physPath, Exception error, String queryStringOverride)
   at System.Web.HttpServerUtility.Execute(IHttpHandler handler, TextWriter writer, Boolean preserveForm, Boolean setPreviousPage)
   at System.Web.HttpServerUtility.Execute(IHttpHandler handler, TextWriter writer, Boolean preserveForm)
   at System.Web.HttpServerUtilityWrapper.Execute(IHttpHandler handler, TextWriter writer, Boolean preserveForm)
   at System.Web.Mvc.ViewPage.RenderView(ViewContext viewContext)
   at System.Web.Mvc.ViewUserControl.RenderViewAndRestoreContentType(ViewPage containerPage, ViewContext viewContext)
   at System.Web.Mvc.ViewUserControl.RenderView(ViewContext viewContext)
   at System.Web.Mvc.WebFormView.RenderViewUserControl(ViewContext context, ViewUserControl control)
   at System.Web.Mvc.WebFormView.RenderView(ViewContext viewContext, TextWriter writer, Object instance)
   at System.Web.Mvc.BuildManagerCompiledView.Render(ViewContext viewContext, TextWriter writer)
   at System.Web.Mvc.Html.TemplateHelpers.ExecuteTemplate(HtmlHelper html, ViewDataDictionary viewData, String templateName, DataBoundControlMode mode, GetViewNamesDelegate getViewNames, GetDefaultActionsDelegate getDefaultActions)
   at System.Web.Mvc.Html.TemplateHelpers.TemplateHelper(HtmlHelper html, ModelMetadata metadata, String htmlFieldName, String templateName, DataBoundControlMode mode, Object additionalViewData, ExecuteTemplateDelegate executeTemplate)
   at System.Web.Mvc.Html.TemplateHelpers.TemplateHelper(HtmlHelper html, ModelMetadata metadata, String htmlFieldName, String templateName, DataBoundControlMode mode, Object additionalViewData)
   at System.Web.Mvc.Html.TemplateHelpers.TemplateFor[TContainer,TValue](HtmlHelper`1 html, Expression`1 expression, String templateName, String htmlFieldName, DataBoundControlMode mode, Object additionalViewData, TemplateHelperDelegate templateHelper)
   at System.Web.Mvc.Html.TemplateHelpers.TemplateFor[TContainer,TValue](HtmlHelper`1 html, Expression`1 expression, String templateName, String htmlFieldName, DataBoundControlMode mode, Object additionalViewData)
   at System.Web.Mvc.Html.DisplayExtensions.DisplayFor[TModel,TValue](HtmlHelper`1 html, Expression`1 expression)
   at EPiServer.Web.Mvc.Html.PropertyExtensions.<>c__DisplayClass4_0`2.<PropertyFor>b__0(String templateName)
   at EPiServer.Web.Mvc.Html.PropertyRenderer.<>c__DisplayClass12_0`2.<GetHtmlForDefaultMode>b__0(StringWriter writer)
   at EPiServer.Web.Mvc.Html.PropertyRenderer.CreateMvcHtmlString(Action`1 action)
   at EPiServer.Web.Mvc.Html.PropertyRenderer.GetHtmlForDefaultMode[TModel,TValue](String propertyName, String templateName, String elementName, String elementCssClass, Func`2 displayForAction)
   at EPiServer.Web.Mvc.Html.PropertyRenderer.PropertyFor[TModel,TValue](HtmlHelper`1 html, String viewModelPropertyName, Object additionalViewData, Object editorSettings, Expression`1 expression, Func`2 displayForAction)
   at EPiServer.Web.Mvc.Html.PropertyExtensions.PropertyFor[TModel,TValue](HtmlHelper`1 html, Expression`1 expression)
   at ASP._Page_Views_ContactUsPage_Index_cshtml.Execute() in c:\Users\naluzzi\source\repos\IcelandAndI\IcelandAndI\Views\ContactUsPage\Index.cshtml:line 15
   at System.Web.WebPages.WebPageBase.ExecutePageHierarchy()
   at System.Web.Mvc.WebViewPage.ExecutePageHierarchy()
   at System.Web.WebPages.StartPage.RunPage()
   at System.Web.WebPages.StartPage.ExecutePageHierarchy()
   at System.Web.WebPages.WebPageBase.ExecutePageHierarchy(WebPageContext pageContext, TextWriter writer, WebPageRenderingBase startPage)
   at System.Web.Mvc.RazorView.RenderView(ViewContext viewContext, TextWriter writer, Object instance)
   at System.Web.Mvc.BuildManagerCompiledView.Render(ViewContext viewContext, TextWriter writer)
   at System.Web.Mvc.ViewResultBase.ExecuteResult(ControllerContext context)
   at System.Web.Mvc.ControllerActionInvoker.InvokeActionResult(ControllerContext controllerContext, ActionResult actionResult)
   at System.Web.Mvc.ControllerActionInvoker.InvokeActionResultFilterRecursive(IList`1 filters, Int32 filterIndex, ResultExecutingContext preContext, ControllerContext controllerContext, ActionResult actionResult)
   at System.Web.Mvc.ControllerActionInvoker.InvokeActionResultFilterRecursive(IList`1 filters, Int32 filterIndex, ResultExecutingContext preContext, ControllerContext controllerContext, ActionResult actionResult)
   at System.Web.Mvc.ControllerActionInvoker.InvokeActionResultFilterRecursive(IList`1 filters, Int32 filterIndex, ResultExecutingContext preContext, ControllerContext controllerContext, ActionResult actionResult)
   at System.Web.Mvc.ControllerActionInvoker.InvokeActionResultFilterRecursive(IList`1 filters, Int32 filterIndex, ResultExecutingContext preContext, ControllerContext controllerContext, ActionResult actionResult)
   at System.Web.Mvc.ControllerActionInvoker.InvokeActionResultFilterRecursive(IList`1 filters, Int32 filterIndex, ResultExecutingContext preContext, ControllerContext controllerContext, ActionResult actionResult)
   at System.Web.Mvc.ControllerActionInvoker.InvokeActionResultFilterRecursive(IList`1 filters, Int32 filterIndex, ResultExecutingContext preContext, ControllerContext controllerContext, ActionResult actionResult)
   at System.Web.Mvc.ControllerActionInvoker.InvokeActionResultFilterRecursive(IList`1 filters, Int32 filterIndex, ResultExecutingContext preContext, ControllerContext controllerContext, ActionResult actionResult)
   at System.Web.Mvc.ControllerActionInvoker.InvokeActionResultWithFilters(ControllerContext controllerContext, IList`1 filters, ActionResult actionResult)
   at System.Web.Mvc.Async.AsyncControllerActionInvoker.<>c__DisplayClass3_6.<BeginInvokeAction>b__4()
   at System.Web.Mvc.Async.AsyncControllerActionInvoker.<>c__DisplayClass3_1.<BeginInvokeAction>b__1(IAsyncResult asyncResult)
   at System.Web.Mvc.Async.AsyncResultWrapper.WrappedAsyncResult`1.CallEndDelegate(IAsyncResult asyncResult)
   at System.Web.Mvc.Async.AsyncResultWrapper.WrappedAsyncResultBase`1.End()
   at System.Web.Mvc.Async.AsyncControllerActionInvoker.EndInvokeAction(IAsyncResult asyncResult)
   at System.Web.Mvc.Controller.<>c.<BeginExecuteCore>b__152_1(IAsyncResult asyncResult, ExecuteCoreState innerState)
   at System.Web.Mvc.Async.AsyncResultWrapper.WrappedAsyncVoid`1.CallEndDelegate(IAsyncResult asyncResult)
   at System.Web.Mvc.Async.AsyncResultWrapper.WrappedAsyncResultBase`1.End()
   at System.Web.Mvc.Controller.EndExecuteCore(IAsyncResult asyncResult)
   at System.Web.Mvc.Controller.<>c.<BeginExecute>b__151_2(IAsyncResult asyncResult, Controller controller)
   at System.Web.Mvc.Async.AsyncResultWrapper.WrappedAsyncVoid`1.CallEndDelegate(IAsyncResult asyncResult)
   at System.Web.Mvc.Async.AsyncResultWrapper.WrappedAsyncResultBase`1.End()
   at System.Web.Mvc.Controller.EndExecute(IAsyncResult asyncResult)
   at System.Web.Mvc.Controller.System.Web.Mvc.Async.IAsyncController.EndExecute(IAsyncResult asyncResult)
   at System.Web.Mvc.MvcHandler.<>c.<BeginProcessRequest>b__20_1(IAsyncResult asyncResult, ProcessRequestState innerState)
   at System.Web.Mvc.Async.AsyncResultWrapper.WrappedAsyncVoid`1.CallEndDelegate(IAsyncResult asyncResult)
   at System.Web.Mvc.Async.AsyncResultWrapper.WrappedAsyncResultBase`1.End()
   at System.Web.Mvc.MvcHandler.EndProcessRequest(IAsyncResult asyncResult)
   at System.Web.Mvc.MvcHandler.System.Web.IHttpAsyncHandler.EndProcessRequest(IAsyncResult result)
   at System.Web.HttpApplication.CallHandlerExecutionStep.System.Web.HttpApplication.IExecutionStep.Execute()
   at System.Web.HttpApplication.ExecuteStepImpl(IExecutionStep step)
   at System.Web.HttpApplication.ExecuteStep(IExecutionStep step, Boolean& completedSynchronously)
